d:\visualstudioprojects\dihedraltessewindow\dihedraltessewindow\x64\release\dihedraltessewindow.obj
d:\visualstudioprojects\dihedraltessewindow\dihedraltessewindow\x64\release\tilingopt.obj
d:\visualstudioprojects\dihedraltessewindow\dihedraltessewindow\x64\release\polygontile.obj
d:\visualstudioprojects\dihedraltessewindow\dihedraltessewindow\x64\release\main.obj
d:\visualstudioprojects\dihedraltessewindow\dihedraltessewindow\x64\release\moc_dihedraltessewindow.obj
d:\visualstudioprojects\dihedraltessewindow\dihedraltessewindow\x64\release\tool.obj
d:\visualstudioprojects\dihedraltessewindow\dihedraltessewindow\x64\release\qrc_dihedraltessewindow.obj
d:\visualstudioprojects\dihedraltessewindow\dihedraltessewindow\generatedfiles\release\moc_dihedraltessewindow.cpp
d:\visualstudioprojects\dihedraltessewindow\dihedraltessewindow\generatedfiles\ui_dihedraltessewindow.h
d:\visualstudioprojects\dihedraltessewindow\dihedraltessewindow\generatedfiles\qrc_dihedraltessewindow.cpp
d:\visualstudioprojects\dihedraltessewindow\x64\release\dihedraltessewindow.exe
d:\visualstudioprojects\dihedraltessewindow\dihedraltessewindow\x64\release\dihedral.b12702ad.tlog\cl.command.1.tlog
d:\visualstudioprojects\dihedraltessewindow\dihedraltessewindow\x64\release\dihedral.b12702ad.tlog\cl.read.1.tlog
d:\visualstudioprojects\dihedraltessewindow\dihedraltessewindow\x64\release\dihedral.b12702ad.tlog\cl.write.1.tlog
d:\visualstudioprojects\dihedraltessewindow\dihedraltessewindow\x64\release\dihedral.b12702ad.tlog\custombuild.command.1.tlog
d:\visualstudioprojects\dihedraltessewindow\dihedraltessewindow\x64\release\dihedral.b12702ad.tlog\custombuild.read.1.tlog
d:\visualstudioprojects\dihedraltessewindow\dihedraltessewindow\x64\release\dihedral.b12702ad.tlog\custombuild.write.1.tlog
d:\visualstudioprojects\dihedraltessewindow\dihedraltessewindow\x64\release\dihedral.b12702ad.tlog\link.command.1.tlog
d:\visualstudioprojects\dihedraltessewindow\dihedraltessewindow\x64\release\dihedral.b12702ad.tlog\link.read.1.tlog
d:\visualstudioprojects\dihedraltessewindow\dihedraltessewindow\x64\release\dihedral.b12702ad.tlog\link.write.1.tlog
