Build started 2019/9/24 22:16:05.
     1>Project "D:\VisualStudioProjects\DihedralTesseWindow\DihedralTesseWindow\DihedralTesseWindow.vcxproj" on node 2 (Build target(s)).
     1>CustomBuild:
         Uic'ing dihedraltessewindow.ui...
         Rcc'ing dihedraltessewindow.qrc...
       ClCompile:
         C:\Program Files (x86)\Microsoft Visual Studio 12.0\VC\bin\x86_amd64\CL.exe /c /I.\GeneratedFiles /I. /IC:\Qt\Qt5.5.1\5.5\msvc2013_64\include /I.\GeneratedFiles\Release /IC:\Qt\Qt5.5.1\5.5\msvc2013_64\include\QtCore /IC:\Qt\Qt5.5.1\5.5\msvc2013_64\include\QtGui /IC:\Qt\Qt5.5.1\5.5\msvc2013_64\include\QtOpenGL /IC:\Qt\Qt5.5.1\5.5\msvc2013_64\include\QtSvg /IC:\Qt\Qt5.5.1\5.5\msvc2013_64\include\QtWidgets /IC:\local\opencv\build\include /IC:\local\opencv\build\include\opencv /IC:\local\opencv\build\include\opencv2 /nologo /W1 /WX- /O2 /D UNICODE /D WIN32 /D WIN64 /D QT_DLL /D QT_NO_DEBUG /D NDEBUG /D QT_CORE_LIB /D QT_GUI_LIB /D QT_OPENGL_LIB /D QT_SVG_LIB /D QT_WIDGETS_LIB /Gm- /EHsc /MD /GS /fp:precise /Zc:wchar_t /Zc:forScope /Fo"x64\Release\\" /Fd"x64\Release\vc120.pdb" /Gd /TP /errorReport:prompt GeneratedFiles\Release\moc_dihedraltessewindow.cpp TilingOpt.cpp dihedraltessewindow.cpp main.cpp
         moc_dihedraltessewindow.cpp
         TilingOpt.cpp
         dihedraltessewindow.cpp
         main.cpp
         Generating Code...
         C:\Program Files (x86)\Microsoft Visual Studio 12.0\VC\bin\x86_amd64\CL.exe /c /I.\GeneratedFiles /I. /IC:\Qt\Qt5.5.1\5.5\msvc2013_64\include /I.\GeneratedFiles\Release /IC:\Qt\Qt5.5.1\5.5\msvc2013_64\include\QtCore /IC:\Qt\Qt5.5.1\5.5\msvc2013_64\include\QtGui /IC:\Qt\Qt5.5.1\5.5\msvc2013_64\include\QtOpenGL /IC:\Qt\Qt5.5.1\5.5\msvc2013_64\include\QtSvg /IC:\Qt\Qt5.5.1\5.5\msvc2013_64\include\QtWidgets /IC:\local\opencv\build\include /IC:\local\opencv\build\include\opencv /IC:\local\opencv\build\include\opencv2 /nologo /W1 /WX- /O2 /D UNICODE /D WIN32 /D WIN64 /D QT_DLL /D QT_NO_DEBUG /D NDEBUG /D QT_CORE_LIB /D QT_GUI_LIB /D QT_OPENGL_LIB /D QT_SVG_LIB /D QT_WIDGETS_LIB /Gm- /EHsc /MD /GS /fp:precise /Zc:wchar_t /Zc:forScope /Fo"x64\Release\\" /Fd"x64\Release\vc120.pdb" /Gd /TP /errorReport:prompt GeneratedFiles\qrc_dihedraltessewindow.cpp
         qrc_dihedraltessewindow.cpp
       Link:
         C:\Program Files (x86)\Microsoft Visual Studio 12.0\VC\bin\x86_amd64\link.exe /ERRORREPORT:PROMPT /OUT:"D:\VisualStudioProjects\DihedralTesseWindow\x64\Release\\DihedralTesseWindow.exe" /NOLOGO /LIBPATH:C:\local\opencv\build\x64\vc12\lib /LIBPATH:C:\Qt\Qt5.5.1\5.5\msvc2013_64\lib qtmain.lib Qt5Core.lib Qt5Gui.lib Qt5OpenGL.lib opengl32.lib glu32.lib Qt5Svg.lib Qt5Widgets.lib opencv_calib3d248.lib opencv_contrib248.lib opencv_core248.lib opencv_features2d248.lib opencv_flann248.lib opencv_gpu248.lib opencv_highgui248.lib opencv_imgproc248.lib opencv_legacy248.lib opencv_ml248.lib opencv_objdetect248.lib opencv_ts248.lib opencv_video248.lib kernel32.lib user32.lib gdi32.lib winspool.lib comdlg32.lib advapi32.lib shell32.lib ole32.lib oleaut32.lib uuid.lib odbc32.lib odbccp32.lib /MANIFEST /MANIFESTUAC:"level='asInvoker' uiAccess='false'" /manifest:embed /PDB:"D:\VisualStudioProjects\DihedralTesseWindow\x64\Release\DihedralTesseWindow.pdb" /SUBSYSTEM:CONSOLE /TLBID:1 /DYNAMICBASE /NXCOMPAT /IMPLIB:"D:\VisualStudioProjects\DihedralTesseWindow\x64\Release\DihedralTesseWindow.lib" /MACHINE:X64 x64\Release\dihedraltessewindow.obj
         x64\Release\qrc_dihedraltessewindow.obj
         x64\Release\moc_dihedraltessewindow.obj
         x64\Release\main.obj
         x64\Release\PolygonTile.obj
         x64\Release\TilingOpt.obj
         x64\Release\Tool.obj
         DihedralTesseWindow.vcxproj -> D:\VisualStudioProjects\DihedralTesseWindow\x64\Release\DihedralTesseWindow.exe
     1>Done Building Project "D:\VisualStudioProjects\DihedralTesseWindow\DihedralTesseWindow\DihedralTesseWindow.vcxproj" (Build target(s)).

Build succeeded.

Time Elapsed 00:00:08.65
