Build started 2019/7/16 14:45:00.
     1>Project "D:\VisualStudioProjects\DihedralTesseWindow\DihedralTesseWindow\DihedralTesseWindow.vcxproj" on node 2 (Build target(s)).
     1>ClCompile:
         C:\Program Files (x86)\Microsoft Visual Studio 12.0\VC\bin\x86_amd64\CL.exe /c /I.\GeneratedFiles /I. /IC:\Qt\Qt5.5.1\5.5\msvc2013_64\include /I.\GeneratedFiles\Debug /IC:\Qt\Qt5.5.1\5.5\msvc2013_64\include\QtCore /IC:\Qt\Qt5.5.1\5.5\msvc2013_64\include\QtGui /IC:\Qt\Qt5.5.1\5.5\msvc2013_64\include\QtOpenGL /IC:\Qt\Qt5.5.1\5.5\msvc2013_64\include\QtSvg /IC:\Qt\Qt5.5.1\5.5\msvc2013_64\include\QtWidgets /IC:\local\opencv\build\include /IC:\local\opencv\build\include\opencv /IC:\local\opencv\build\include\opencv2 /Zi /nologo /W1 /WX- /Od /D UNICODE /D WIN32 /D WIN64 /D QT_DLL /D QT_CORE_LIB /D QT_GUI_LIB /D QT_OPENGL_LIB /D QT_SVG_LIB /D QT_WIDGETS_LIB /Gm- /EHsc /MDd /GS /fp:precise /Zc:wchar_t /Zc:forScope /Fo"x64\Debug\\" /Fd"x64\Debug\vc120.pdb" /Gd /TP /errorReport:prompt GeneratedFiles\Debug\moc_dihedraltessewindow.cpp PolygonTile.cpp TilingOpt.cpp Tool.cpp dihedraltessewindow.cpp main.cpp
         moc_dihedraltessewindow.cpp
         PolygonTile.cpp
         TilingOpt.cpp
         Tool.cpp
         dihedraltessewindow.cpp
         main.cpp
         Generating Code...
       Link:
         C:\Program Files (x86)\Microsoft Visual Studio 12.0\VC\bin\x86_amd64\link.exe /ERRORREPORT:PROMPT /OUT:"D:\VisualStudioProjects\DihedralTesseWindow\x64\Debug\\DihedralTesseWindow.exe" /NOLOGO /LIBPATH:C:\Qt\Qt5.5.1\5.5\msvc2013_64\lib /LIBPATH:C:\local\opencv\build\x64\vc12\lib qtmaind.lib Qt5Cored.lib Qt5Guid.lib Qt5OpenGLd.lib opengl32.lib glu32.lib Qt5Svgd.lib Qt5Widgetsd.lib opencv_calib3d248d.lib opencv_contrib248d.lib opencv_core248d.lib opencv_features2d248d.lib opencv_flann248d.lib opencv_gpu248d.lib opencv_highgui248d.lib opencv_imgproc248d.lib opencv_legacy248d.lib opencv_ml248d.lib opencv_objdetect248d.lib opencv_ts248d.lib opencv_video248d.lib kernel32.lib user32.lib gdi32.lib winspool.lib comdlg32.lib advapi32.lib shell32.lib ole32.lib oleaut32.lib uuid.lib odbc32.lib odbccp32.lib /MANIFEST /MANIFESTUAC:"level='asInvoker' uiAccess='false'" /manifest:embed /DEBUG /PDB:"D:\VisualStudioProjects\DihedralTesseWindow\x64\Debug\DihedralTesseWindow.pdb" /SUBSYSTEM:CONSOLE /TLBID:1 /DYNAMICBASE /NXCOMPAT /IMPLIB:"D:\VisualStudioProjects\DihedralTesseWindow\x64\Debug\DihedralTesseWindow.lib" /MACHINE:X64 x64\Debug\dihedraltessewindow.obj
         x64\Debug\moc_dihedraltessewindow.obj
         x64\Debug\qrc_dihedraltessewindow.obj
         x64\Debug\main.obj
         x64\Debug\PolygonTile.obj
         x64\Debug\TilingOpt.obj
         x64\Debug\Tool.obj
         DihedralTesseWindow.vcxproj -> D:\VisualStudioProjects\DihedralTesseWindow\x64\Debug\DihedralTesseWindow.exe
     1>Done Building Project "D:\VisualStudioProjects\DihedralTesseWindow\DihedralTesseWindow\DihedralTesseWindow.vcxproj" (Build target(s)).

Build succeeded.

Time Elapsed 00:00:08.90
